<?xml version="1.0" encoding="UTF-8"?>
<testng-results skipped="0" failed="0" ignored="0" total="1" passed="1">
  <reporter-output>
  </reporter-output>
  <suite name="Suite" duration-ms="56" started-at="2019-03-13T18:24:22Z" finished-at="2019-03-13T18:24:22Z">
    <groups>
    </groups>
    <test name="Test" duration-ms="56" started-at="2019-03-13T18:24:22Z" finished-at="2019-03-13T18:24:22Z">
      <class name="com.mobile.Launch">
        <test-method status="PASS" signature="f()[pri:0, instance:com.mobile.Launch@68c4039c]" name="f" duration-ms="16" started-at="2019-03-13T18:24:22Z" finished-at="2019-03-13T18:24:22Z">
          <reporter-output>
          </reporter-output>
        </test-method> <!-- f -->
      </class> <!-- com.mobile.Launch -->
    </test> <!-- Test -->
  </suite> <!-- Suite -->
</testng-results>
